2025-03-29 22:16:27,673 - CONTROLLER TEST - Device: PLAYSTATION(R)3 Controller (38:C0:96:9E:58:AD)
2025-03-29 22:16:27,675 - CONTROLLER TEST - Path: /dev/input/event3
2025-03-29 22:16:27,682 - CONTROLLER TEST - Type detected: PS3
2025-03-29 22:16:27,688 - INSTRUCTION: Press the D-pad Up button
2025-03-29 22:16:28,308 - TEST - AXIS - Left Stick X - Value: -10
2025-03-29 22:16:28,381 - TEST - AXIS - Left Stick X - Value: 0
2025-03-29 22:16:33,232 - TEST - BUTTON - L1 - Pressed - Code: 294
2025-03-29 22:16:33,360 - TEST - BUTTON - L1 - Released - Code: 294
2025-03-29 22:16:35,697 - TEST - BUTTON - Unknown (293) - Pressed - Code: 293
2025-03-29 22:16:35,857 - TEST - BUTTON - Unknown (293) - Released - Code: 293
2025-03-29 22:16:36,882 - TEST - BUTTON - PS Button - Pressed - Code: 292
2025-03-29 22:16:37,013 - TEST - BUTTON - PS Button - Released - Code: 292
2025-03-29 22:16:37,775 - TEST - BUTTON - R1 - Pressed - Code: 295
2025-03-29 22:16:37,960 - TEST - BUTTON - R1 - Released - Code: 295
2025-03-29 22:16:39,411 - TEST - BUTTON - L2 - Pressed - Code: 298
2025-03-29 22:16:39,644 - TEST - BUTTON - L2 - Released - Code: 298
2025-03-29 22:16:40,547 - TEST - BUTTON - L3 - Pressed - Code: 296
2025-03-29 22:16:40,839 - TEST - BUTTON - L3 - Released - Code: 296
2025-03-29 22:16:43,177 - TEST - BUTTON - R2 - Pressed - Code: 299
2025-03-29 22:16:43,365 - TEST - BUTTON - R2 - Released - Code: 299
2025-03-29 22:16:43,719 - TEST - BUTTON - R3 - Pressed - Code: 297
2025-03-29 22:16:43,898 - TEST - AXIS - Right Stick Y (PS3-RX) - Value: -11
2025-03-29 22:16:43,965 - TEST - AXIS - Right Stick Y (PS3-RX) - Value: -13
2025-03-29 22:16:44,035 - TEST - BUTTON - R3 - Released - Code: 297
2025-03-29 22:16:44,036 - TEST - AXIS - Right Stick Y (PS3-RX) - Value: 0
2025-03-29 22:16:45,699 - TEST - BUTTON - Select - Pressed - Code: 288
2025-03-29 22:16:45,877 - TEST - BUTTON - Select - Released - Code: 288
2025-03-29 22:16:48,238 - TEST - BUTTON - Start - Pressed - Code: 291
2025-03-29 22:16:48,354 - TEST - BUTTON - Start - Released - Code: 291
2025-03-29 22:16:49,493 - TEST - BUTTON - Cross (✕) - Pressed - Code: 304
2025-03-29 22:16:49,658 - TEST - BUTTON - Cross (✕) - Released - Code: 304
2025-03-29 22:16:56,030 - TEST - BUTTON - D-Pad Left - Pressed - Code: 303
2025-03-29 22:16:56,201 - TEST - BUTTON - D-Pad Left - Released - Code: 303
2025-03-29 22:16:57,875 - TEST - BUTTON - D-Pad Up - Pressed - Code: 300
2025-03-29 22:16:57,995 - TEST - BUTTON - D-Pad Up - Released - Code: 300
2025-03-29 22:16:59,076 - TEST - BUTTON - D-Pad Right - Pressed - Code: 301
2025-03-29 22:16:59,255 - TEST - BUTTON - D-Pad Right - Released - Code: 301
2025-03-29 22:17:00,222 - TEST - BUTTON - D-Pad Down - Pressed - Code: 302
2025-03-29 22:17:00,397 - TEST - BUTTON - D-Pad Down - Released - Code: 302
2025-03-29 22:17:04,775 - TEST - AXIS - Left Stick Y - Value: 20
2025-03-29 22:17:04,788 - TEST - AXIS - Left Stick Y - Value: 37
2025-03-29 22:17:04,791 - TEST - AXIS - Left Stick Y - Value: 58
2025-03-29 22:17:04,801 - TEST - AXIS - Left Stick X - Value: 15
2025-03-29 22:17:04,801 - TEST - AXIS - Left Stick Y - Value: 95
2025-03-29 22:17:04,841 - TEST - AXIS - Left Stick X - Value: 28
2025-03-29 22:17:04,842 - TEST - AXIS - Left Stick Y - Value: 127
2025-03-29 22:17:04,845 - TEST - AXIS - Left Stick X - Value: 18
2025-03-29 22:17:04,858 - TEST - AXIS - Left Stick X - Value: 0
2025-03-29 22:17:04,901 - TEST - AXIS - Left Stick X - Value: -14
2025-03-29 22:17:04,902 - TEST - AXIS - Left Stick X - Value: -21
2025-03-29 22:17:04,917 - TEST - AXIS - Left Stick X - Value: -23
2025-03-29 22:17:04,981 - TEST - AXIS - Left Stick X - Value: 0
2025-03-29 22:17:04,981 - TEST - AXIS - Left Stick Y - Value: 0
2025-03-29 22:17:05,854 - TEST - AXIS - Left Stick X - Value: 26
2025-03-29 22:17:05,859 - TEST - AXIS - Left Stick X - Value: 31
2025-03-29 22:17:05,871 - TEST - AXIS - Left Stick X - Value: 44
2025-03-29 22:17:05,881 - TEST - AXIS - Left Stick X - Value: 65
2025-03-29 22:17:05,914 - TEST - AXIS - Left Stick X - Value: 127
2025-03-29 22:17:05,915 - TEST - AXIS - Left Stick Y - Value: 24
2025-03-29 22:17:05,927 - TEST - AXIS - Left Stick Y - Value: 26
2025-03-29 22:17:05,944 - TEST - AXIS - Left Stick Y - Value: 15
2025-03-29 22:17:05,979 - TEST - AXIS - Left Stick Y - Value: 12
2025-03-29 22:17:06,037 - TEST - AXIS - Left Stick Y - Value: 21
2025-03-29 22:17:06,048 - TEST - AXIS - Left Stick X - Value: 117
2025-03-29 22:17:06,048 - TEST - AXIS - Left Stick Y - Value: 19
2025-03-29 22:17:06,061 - TEST - AXIS - Left Stick X - Value: 82
2025-03-29 22:17:06,061 - TEST - AXIS - Left Stick Y - Value: 13
2025-03-29 22:17:06,097 - TEST - AXIS - Left Stick X - Value: 0
2025-03-29 22:17:06,097 - TEST - AXIS - Left Stick Y - Value: 0
2025-03-29 22:17:06,530 - TEST - AXIS - Left Stick Y - Value: -11
2025-03-29 22:17:06,577 - TEST - AXIS - Left Stick Y - Value: -35
2025-03-29 22:17:06,597 - TEST - AXIS - Left Stick X - Value: -11
2025-03-29 22:17:06,603 - TEST - AXIS - Left Stick Y - Value: -64
2025-03-29 22:17:06,643 - TEST - AXIS - Left Stick X - Value: -41
2025-03-29 22:17:06,644 - TEST - AXIS - Left Stick Y - Value: -127
2025-03-29 22:17:06,646 - TEST - AXIS - Left Stick X - Value: -34
2025-03-29 22:17:06,658 - TEST - AXIS - Left Stick X - Value: -27
2025-03-29 22:17:06,717 - TEST - AXIS - Left Stick X - Value: -21
2025-03-29 22:17:06,774 - TEST - AXIS - Left Stick X - Value: -17
2025-03-29 22:17:06,775 - TEST - AXIS - Left Stick Y - Value: -95
2025-03-29 22:17:06,781 - TEST - AXIS - Left Stick X - Value: -14
2025-03-29 22:17:06,782 - TEST - AXIS - Left Stick Y - Value: -50
2025-03-29 22:17:06,817 - TEST - AXIS - Left Stick X - Value: 0
2025-03-29 22:17:06,818 - TEST - AXIS - Left Stick Y - Value: 0
2025-03-29 22:17:07,237 - TEST - AXIS - Left Stick X - Value: -10
2025-03-29 22:17:07,253 - TEST - AXIS - Left Stick X - Value: -11
2025-03-29 22:17:07,295 - TEST - AXIS - Left Stick X - Value: -12
2025-03-29 22:17:07,310 - TEST - AXIS - Left Stick X - Value: -13
2025-03-29 22:17:07,371 - TEST - AXIS - Left Stick X - Value: -23
2025-03-29 22:17:07,377 - TEST - AXIS - Left Stick X - Value: -41
2025-03-29 22:17:07,415 - TEST - AXIS - Left Stick X - Value: -127
2025-03-29 22:17:07,416 - TEST - AXIS - Left Stick Y - Value: 12
2025-03-29 22:17:07,434 - TEST - AXIS - Left Stick Y - Value: 15
2025-03-29 22:17:07,478 - TEST - AXIS - Left Stick Y - Value: 23
2025-03-29 22:17:07,553 - TEST - AXIS - Left Stick X - Value: -126
2025-03-29 22:17:07,553 - TEST - AXIS - Left Stick Y - Value: 24
2025-03-29 22:17:07,557 - TEST - AXIS - Left Stick X - Value: -67
2025-03-29 22:17:07,557 - TEST - AXIS - Left Stick Y - Value: 19
2025-03-29 22:17:07,594 - TEST - AXIS - Left Stick X - Value: 0
2025-03-29 22:17:07,595 - TEST - AXIS - Left Stick Y - Value: 0
2025-03-29 22:17:10,179 - TEST - AXIS - Right Stick Y (PS3-RX) - Value: 21
2025-03-29 22:17:10,198 - TEST - AXIS - Right Stick Y (PS3-RX) - Value: 33
2025-03-29 22:17:10,200 - TEST - AXIS - Right Stick Y (PS3-RX) - Value: 53
2025-03-29 22:17:10,239 - TEST - AXIS - Right Stick X (PS3-Z) - Value: -24
2025-03-29 22:17:10,240 - TEST - AXIS - Right Stick Y (PS3-RX) - Value: 127
2025-03-29 22:17:10,245 - TEST - AXIS - Right Stick X (PS3-Z) - Value: -25
2025-03-29 22:17:10,313 - TEST - AXIS - Right Stick X (PS3-Z) - Value: -24
2025-03-29 22:17:10,355 - TEST - AXIS - Right Stick X (PS3-Z) - Value: 0
2025-03-29 22:17:10,361 - TEST - AXIS - Right Stick Y (PS3-RX) - Value: -48
2025-03-29 22:17:10,362 - TEST - AXIS - Right Stick Y (PS3-RX) - Value: 0
2025-03-29 22:17:10,781 - TEST - AXIS - Right Stick X (PS3-Z) - Value: 22
2025-03-29 22:17:10,794 - TEST - AXIS - Right Stick X (PS3-Z) - Value: 30
2025-03-29 22:17:10,797 - TEST - AXIS - Right Stick X (PS3-Z) - Value: 43
2025-03-29 22:17:10,853 - TEST - AXIS - Right Stick X (PS3-Z) - Value: 127
2025-03-29 22:17:10,854 - TEST - AXIS - Right Stick Y (PS3-RX) - Value: -16
2025-03-29 22:17:10,954 - TEST - AXIS - Right Stick Y (PS3-RX) - Value: 0
2025-03-29 22:17:11,014 - TEST - AXIS - Right Stick X (PS3-Z) - Value: 0
2025-03-29 22:17:11,613 - TEST - AXIS - Right Stick Y (PS3-RX) - Value: -12
2025-03-29 22:17:11,628 - TEST - AXIS - Right Stick Y (PS3-RX) - Value: -22
2025-03-29 22:17:11,641 - TEST - AXIS - Right Stick Y (PS3-RX) - Value: -40
2025-03-29 22:17:11,679 - TEST - AXIS - Right Stick X (PS3-Z) - Value: 43
2025-03-29 22:17:11,680 - TEST - AXIS - Right Stick Y (PS3-RX) - Value: -127
2025-03-29 22:17:11,685 - TEST - AXIS - Right Stick X (PS3-Z) - Value: 56
2025-03-29 22:17:11,696 - TEST - AXIS - Right Stick X (PS3-Z) - Value: 50
2025-03-29 22:17:11,737 - TEST - AXIS - Right Stick X (PS3-Z) - Value: 24
2025-03-29 22:17:11,741 - TEST - AXIS - Right Stick X (PS3-Z) - Value: 17
2025-03-29 22:17:11,754 - TEST - AXIS - Right Stick X (PS3-Z) - Value: 16
2025-03-29 22:17:11,795 - TEST - AXIS - Right Stick X (PS3-Z) - Value: 17
2025-03-29 22:17:11,818 - TEST - AXIS - Right Stick X (PS3-Z) - Value: 20
2025-03-29 22:17:11,821 - TEST - AXIS - Right Stick X (PS3-Z) - Value: 18
2025-03-29 22:17:11,821 - TEST - AXIS - Right Stick Y (PS3-RX) - Value: -79
2025-03-29 22:17:11,858 - TEST - AXIS - Right Stick X (PS3-Z) - Value: 0
2025-03-29 22:17:11,858 - TEST - AXIS - Right Stick Y (PS3-RX) - Value: 0
2025-03-29 22:17:12,461 - TEST - AXIS - Right Stick X (PS3-Z) - Value: -12
2025-03-29 22:17:12,473 - TEST - AXIS - Right Stick X (PS3-Z) - Value: -14
2025-03-29 22:17:12,578 - TEST - AXIS - Right Stick X (PS3-Z) - Value: -109
2025-03-29 22:17:12,589 - TEST - AXIS - Right Stick X (PS3-Z) - Value: -127
2025-03-29 22:17:12,770 - TEST - AXIS - Right Stick X (PS3-Z) - Value: 0
2025-03-29 22:59:08,013 - CONTROLLER TEST - Device: PLAYSTATION(R)3 Controller (38:C0:96:9E:58:AD)
2025-03-29 22:59:08,016 - CONTROLLER TEST - Path: /dev/input/event3
2025-03-29 22:59:08,017 - CONTROLLER TEST - Type detected: PS3
2025-03-29 22:59:08,018 - INSTRUCTION: Press the D-pad Up button
2025-03-29 22:59:10,526 - TEST - AXIS - Left Stick Y - Value: -11
2025-03-29 22:59:10,565 - TEST - AXIS - Left Stick X - Value: 15
2025-03-29 22:59:10,566 - TEST - AXIS - Left Stick Y - Value: -20
2025-03-29 22:59:10,573 - TEST - AXIS - Left Stick X - Value: 19
2025-03-29 22:59:10,574 - TEST - AXIS - Left Stick Y - Value: -22
2025-03-29 22:59:10,583 - TEST - AXIS - Left Stick X - Value: 26
2025-03-29 22:59:10,584 - TEST - AXIS - Left Stick Y - Value: -28
2025-03-29 22:59:10,645 - TEST - AXIS - Left Stick X - Value: 32
2025-03-29 22:59:10,646 - TEST - AXIS - Left Stick Y - Value: -47
2025-03-29 22:59:10,650 - TEST - AXIS - Left Stick Y - Value: -50
2025-03-29 22:59:10,688 - TEST - AXIS - Left Stick Y - Value: -70
2025-03-29 22:59:10,697 - TEST - AXIS - Left Stick Y - Value: -78
2025-03-29 22:59:10,706 - TEST - AXIS - Left Stick Y - Value: -83
2025-03-29 22:59:10,748 - TEST - AXIS - Left Stick Y - Value: -93
2025-03-29 22:59:10,752 - TEST - AXIS - Left Stick X - Value: 27
2025-03-29 22:59:10,753 - TEST - AXIS - Left Stick Y - Value: -100
2025-03-29 22:59:10,763 - TEST - AXIS - Left Stick X - Value: 17
2025-03-29 22:59:10,764 - TEST - AXIS - Left Stick Y - Value: -104
2025-03-29 22:59:10,804 - TEST - AXIS - Left Stick X - Value: -23
2025-03-29 22:59:10,805 - TEST - AXIS - Left Stick Y - Value: -127
2025-03-29 22:59:10,808 - TEST - AXIS - Left Stick X - Value: -43
2025-03-29 22:59:10,819 - TEST - AXIS - Left Stick X - Value: -57
2025-03-29 22:59:10,888 - TEST - AXIS - Left Stick X - Value: -115
2025-03-29 22:59:10,930 - TEST - AXIS - Left Stick X - Value: -127
2025-03-29 22:59:10,930 - TEST - AXIS - Left Stick Y - Value: -119
2025-03-29 22:59:10,933 - TEST - AXIS - Left Stick Y - Value: -108
2025-03-29 22:59:10,943 - TEST - AXIS - Left Stick Y - Value: -102
2025-03-29 22:59:10,990 - TEST - AXIS - Left Stick Y - Value: -63
2025-03-29 22:59:10,999 - TEST - AXIS - Left Stick Y - Value: -49
2025-03-29 22:59:11,010 - TEST - AXIS - Left Stick Y - Value: -41
2025-03-29 22:59:11,063 - TEST - AXIS - Left Stick Y - Value: 19
2025-03-29 22:59:11,066 - TEST - AXIS - Left Stick Y - Value: 40
2025-03-29 22:59:11,117 - TEST - AXIS - Left Stick X - Value: -121
2025-03-29 22:59:11,118 - TEST - AXIS - Left Stick Y - Value: 114
2025-03-29 22:59:11,179 - TEST - AXIS - Left Stick X - Value: -40
2025-03-29 22:59:11,179 - TEST - AXIS - Left Stick Y - Value: 127
2025-03-29 22:59:11,190 - TEST - AXIS - Left Stick X - Value: -21
2025-03-29 22:59:11,228 - TEST - AXIS - Left Stick X - Value: 32
2025-03-29 22:59:11,244 - TEST - AXIS - Left Stick X - Value: 54
2025-03-29 22:59:11,246 - TEST - AXIS - Left Stick X - Value: 76
2025-03-29 22:59:11,285 - TEST - AXIS - Left Stick X - Value: 127
2025-03-29 22:59:11,286 - TEST - AXIS - Left Stick Y - Value: 93
2025-03-29 22:59:11,291 - TEST - AXIS - Left Stick Y - Value: 73
2025-03-29 22:59:11,303 - TEST - AXIS - Left Stick Y - Value: 56
2025-03-29 22:59:11,344 - TEST - AXIS - Left Stick Y - Value: 0
2025-03-29 22:59:11,348 - TEST - AXIS - Left Stick Y - Value: -17
2025-03-29 22:59:11,361 - TEST - AXIS - Left Stick Y - Value: -41
2025-03-29 22:59:11,425 - TEST - AXIS - Left Stick X - Value: 96
2025-03-29 22:59:11,426 - TEST - AXIS - Left Stick Y - Value: -112
2025-03-29 22:59:11,427 - TEST - AXIS - Left Stick X - Value: 84
2025-03-29 22:59:11,428 - TEST - AXIS - Left Stick Y - Value: -110
2025-03-29 22:59:11,467 - TEST - AXIS - Left Stick X - Value: 55
2025-03-29 22:59:11,468 - TEST - AXIS - Left Stick Y - Value: -81
2025-03-29 22:59:11,473 - TEST - AXIS - Left Stick X - Value: 50
2025-03-29 22:59:11,474 - TEST - AXIS - Left Stick Y - Value: -65
2025-03-29 22:59:11,484 - TEST - AXIS - Left Stick X - Value: 44
2025-03-29 22:59:11,486 - TEST - AXIS - Left Stick Y - Value: -48
2025-03-29 22:59:11,525 - TEST - AXIS - Left Stick X - Value: 0
2025-03-29 22:59:11,526 - TEST - AXIS - Left Stick Y - Value: 0
2025-03-29 22:59:12,318 - TEST - AXIS - Right Stick X (PS3-Z) - Value: -18
2025-03-29 22:59:12,318 - TEST - AXIS - Right Stick Y (PS3-RX) - Value: -16
2025-03-29 22:59:12,326 - TEST - AXIS - Right Stick X (PS3-Z) - Value: -25
2025-03-29 22:59:12,327 - TEST - AXIS - Right Stick Y (PS3-RX) - Value: -21
2025-03-29 22:59:12,364 - TEST - AXIS - Right Stick X (PS3-Z) - Value: -56
2025-03-29 22:59:12,369 - TEST - AXIS - Right Stick Y (PS3-RX) - Value: -49
2025-03-29 22:59:12,389 - TEST - AXIS - Right Stick X (PS3-Z) - Value: -78
2025-03-29 22:59:12,390 - TEST - AXIS - Right Stick Y (PS3-RX) - Value: -76
2025-03-29 22:59:12,424 - TEST - AXIS - Right Stick X (PS3-Z) - Value: -99
2025-03-29 22:59:12,424 - TEST - AXIS - Right Stick Y (PS3-RX) - Value: -114
2025-03-29 22:59:12,429 - TEST - AXIS - Right Stick X (PS3-Z) - Value: -107
2025-03-29 22:59:12,430 - TEST - AXIS - Right Stick Y (PS3-RX) - Value: -127
2025-03-29 22:59:12,441 - TEST - AXIS - Right Stick X (PS3-Z) - Value: -108
2025-03-29 22:59:12,485 - TEST - AXIS - Right Stick X (PS3-Z) - Value: -107
2025-03-29 22:59:12,501 - TEST - AXIS - Right Stick X (PS3-Z) - Value: -99
2025-03-29 22:59:12,506 - TEST - AXIS - Right Stick X (PS3-Z) - Value: -91
2025-03-29 22:59:12,546 - TEST - AXIS - Right Stick X (PS3-Z) - Value: -46
2025-03-29 22:59:12,551 - TEST - AXIS - Right Stick X (PS3-Z) - Value: -24
2025-03-29 22:59:12,565 - TEST - AXIS - Right Stick X (PS3-Z) - Value: 0
2025-03-29 22:59:12,605 - TEST - AXIS - Right Stick X (PS3-Z) - Value: 48
2025-03-29 22:59:12,609 - TEST - AXIS - Right Stick X (PS3-Z) - Value: 65
2025-03-29 22:59:12,621 - TEST - AXIS - Right Stick X (PS3-Z) - Value: 81
2025-03-29 22:59:12,683 - TEST - AXIS - Right Stick X (PS3-Z) - Value: 127
2025-03-29 22:59:12,683 - TEST - AXIS - Right Stick Y (PS3-RX) - Value: -113
2025-03-29 22:59:12,687 - TEST - AXIS - Right Stick Y (PS3-RX) - Value: -103
2025-03-29 22:59:12,727 - TEST - AXIS - Right Stick Y (PS3-RX) - Value: -63
2025-03-29 22:59:12,735 - TEST - AXIS - Right Stick Y (PS3-RX) - Value: -49
2025-03-29 22:59:12,742 - TEST - AXIS - Right Stick Y (PS3-RX) - Value: -34
2025-03-29 22:59:12,785 - TEST - AXIS - Right Stick Y (PS3-RX) - Value: 14
2025-03-29 22:59:12,789 - TEST - AXIS - Right Stick Y (PS3-RX) - Value: 32
2025-03-29 22:59:12,799 - TEST - AXIS - Right Stick Y (PS3-RX) - Value: 45
2025-03-29 22:59:12,810 - TEST - AXIS - Right Stick Y (PS3-RX) - Value: 57
2025-03-29 22:59:12,865 - TEST - AXIS - Right Stick Y (PS3-RX) - Value: 94
2025-03-29 22:59:12,868 - TEST - AXIS - Right Stick Y (PS3-RX) - Value: 103
2025-03-29 22:59:12,904 - TEST - AXIS - Right Stick X (PS3-Z) - Value: 90
2025-03-29 22:59:12,904 - TEST - AXIS - Right Stick Y (PS3-RX) - Value: 127
2025-03-29 22:59:12,913 - TEST - AXIS - Right Stick X (PS3-Z) - Value: 74
2025-03-29 22:59:12,923 - TEST - AXIS - Right Stick X (PS3-Z) - Value: 54
2025-03-29 22:59:12,963 - TEST - AXIS - Right Stick X (PS3-Z) - Value: 0
2025-03-29 22:59:12,968 - TEST - AXIS - Right Stick X (PS3-Z) - Value: -28
2025-03-29 22:59:12,983 - TEST - AXIS - Right Stick X (PS3-Z) - Value: -46
2025-03-29 22:59:13,044 - TEST - AXIS - Right Stick X (PS3-Z) - Value: -127
2025-03-29 22:59:13,044 - TEST - AXIS - Right Stick Y (PS3-RX) - Value: 98
2025-03-29 22:59:13,046 - TEST - AXIS - Right Stick Y (PS3-RX) - Value: 87
2025-03-29 22:59:13,085 - TEST - AXIS - Right Stick Y (PS3-RX) - Value: 45
2025-03-29 22:59:13,091 - TEST - AXIS - Right Stick Y (PS3-RX) - Value: 27
2025-03-29 22:59:13,102 - TEST - AXIS - Right Stick Y (PS3-RX) - Value: 0
2025-03-29 22:59:13,147 - TEST - AXIS - Right Stick Y (PS3-RX) - Value: -77
2025-03-29 22:59:13,159 - TEST - AXIS - Right Stick Y (PS3-RX) - Value: -97
2025-03-29 22:59:13,170 - TEST - AXIS - Right Stick X (PS3-Z) - Value: -124
2025-03-29 22:59:13,171 - TEST - AXIS - Right Stick Y (PS3-RX) - Value: -121
2025-03-29 22:59:13,204 - TEST - AXIS - Right Stick X (PS3-Z) - Value: -62
2025-03-29 22:59:13,204 - TEST - AXIS - Right Stick Y (PS3-RX) - Value: -127
2025-03-29 22:59:13,220 - TEST - AXIS - Right Stick X (PS3-Z) - Value: -32
2025-03-29 22:59:13,226 - TEST - AXIS - Right Stick X (PS3-Z) - Value: 0
2025-03-29 22:59:13,271 - TEST - AXIS - Right Stick X (PS3-Z) - Value: 88
2025-03-29 22:59:13,283 - TEST - AXIS - Right Stick X (PS3-Z) - Value: 106
2025-03-29 22:59:13,283 - TEST - AXIS - Right Stick Y (PS3-RX) - Value: -126
2025-03-29 22:59:13,324 - TEST - AXIS - Right Stick X (PS3-Z) - Value: 127
2025-03-29 22:59:13,324 - TEST - AXIS - Right Stick Y (PS3-RX) - Value: -81
2025-03-29 22:59:13,328 - TEST - AXIS - Right Stick Y (PS3-RX) - Value: -60
2025-03-29 22:59:13,339 - TEST - AXIS - Right Stick Y (PS3-RX) - Value: -36
2025-03-29 22:59:13,400 - TEST - AXIS - Right Stick Y (PS3-RX) - Value: 58
2025-03-29 22:59:13,406 - TEST - AXIS - Right Stick Y (PS3-RX) - Value: 76
2025-03-29 22:59:13,448 - TEST - AXIS - Right Stick Y (PS3-RX) - Value: 93
2025-03-29 22:59:13,451 - TEST - AXIS - Right Stick Y (PS3-RX) - Value: 97
2025-03-29 22:59:13,462 - TEST - AXIS - Right Stick X (PS3-Z) - Value: 126
2025-03-29 22:59:13,463 - TEST - AXIS - Right Stick Y (PS3-RX) - Value: 106
2025-03-29 22:59:13,505 - TEST - AXIS - Right Stick X (PS3-Z) - Value: 96
2025-03-29 22:59:13,506 - TEST - AXIS - Right Stick Y (PS3-RX) - Value: 127
2025-03-29 22:59:13,509 - TEST - AXIS - Right Stick X (PS3-Z) - Value: 84
2025-03-29 22:59:13,521 - TEST - AXIS - Right Stick X (PS3-Z) - Value: 68
2025-03-29 22:59:13,522 - TEST - AXIS - Right Stick Y (PS3-RX) - Value: 126
2025-03-29 22:59:13,585 - TEST - AXIS - Right Stick X (PS3-Z) - Value: 0
2025-03-29 22:59:13,586 - TEST - AXIS - Right Stick Y (PS3-RX) - Value: 80
2025-03-29 22:59:13,628 - TEST - AXIS - Right Stick Y (PS3-RX) - Value: 0
2025-03-29 22:59:14,831 - TEST - BUTTON - D-Pad Down - Pressed - Code: 302
2025-03-29 22:59:14,955 - TEST - BUTTON - D-Pad Down - Released - Code: 302
2025-03-29 22:59:15,182 - TEST - BUTTON - D-Pad Right - Pressed - Code: 301
2025-03-29 22:59:15,265 - TEST - BUTTON - D-Pad Right - Released - Code: 301
2025-03-29 22:59:15,554 - TEST - BUTTON - D-Pad Up - Pressed - Code: 300
2025-03-29 22:59:15,673 - TEST - BUTTON - D-Pad Up - Released - Code: 300
2025-03-29 22:59:15,913 - TEST - BUTTON - D-Pad Left - Pressed - Code: 303
2025-03-29 22:59:16,053 - TEST - BUTTON - D-Pad Left - Released - Code: 303
2025-03-29 22:59:16,925 - TEST - BUTTON - L1 - Pressed - Code: 294
2025-03-29 22:59:17,009 - TEST - BUTTON - L1 - Released - Code: 294
2025-03-29 22:59:17,225 - TEST - BUTTON - R1 - Pressed - Code: 295
2025-03-29 22:59:17,347 - TEST - BUTTON - R1 - Released - Code: 295
2025-03-29 22:59:17,766 - TEST - BUTTON - PS Button - Pressed - Code: 292
2025-03-29 22:59:17,884 - TEST - BUTTON - PS Button - Released - Code: 292
2025-03-29 22:59:18,266 - TEST - BUTTON - Unknown (293) - Pressed - Code: 293
2025-03-29 22:59:18,381 - TEST - BUTTON - Unknown (293) - Released - Code: 293
2025-03-29 22:59:19,565 - TEST - BUTTON - Start - Pressed - Code: 291
2025-03-29 22:59:19,762 - TEST - BUTTON - Start - Released - Code: 291
2025-03-29 22:59:19,989 - TEST - BUTTON - Select - Pressed - Code: 288
2025-03-29 22:59:20,166 - TEST - BUTTON - Select - Released - Code: 288
2025-03-29 22:59:20,402 - TEST - BUTTON - Cross (✕) - Pressed - Code: 304
2025-03-29 22:59:20,550 - TEST - BUTTON - Cross (✕) - Released - Code: 304
2025-03-29 22:59:20,910 - TEST - BUTTON - R3 - Pressed - Code: 297
2025-03-29 22:59:21,124 - TEST - BUTTON - R3 - Released - Code: 297
2025-03-29 22:59:21,249 - TEST - BUTTON - L3 - Pressed - Code: 296
2025-03-29 22:59:21,486 - TEST - BUTTON - L3 - Released - Code: 296
2025-03-29 22:59:21,630 - TEST - BUTTON - R2 - Pressed - Code: 299
2025-03-29 22:59:21,846 - TEST - BUTTON - R2 - Released - Code: 299
2025-03-29 22:59:21,990 - TEST - BUTTON - L2 - Pressed - Code: 298
2025-03-29 22:59:22,206 - TEST - BUTTON - L2 - Released - Code: 298
