ID  Device               Name                                Phys                                Uniq
----------------------------------------------------------------------------------------------------------------
0   /dev/input/event0    Logitech K400 Plus                  usb-3f980000.usb-1.4/input2:1       90-10-13-0c
1   /dev/input/event1    vc4-hdmi                            vc4-hdmi/input0                         
2   /dev/input/event2    vc4-hdmi HDMI Jack                  ALSA                                    
3   /dev/input/event3    PLAYSTATION(R)3 Controller (38:C0:96:AC:ED:71)                                         
4   /dev/input/event4    PLAYSTATION(R)3 Controller (38:C0:96:9E:58:AD)                                         

Select devices [0-4]: Listening for events (press ctrl-c to exit) ...
time 1743298439.691698 type 1 (EV_KEY), code 294  (BTN_BASE), value 1
time 1743298439.691698 --------- SYN_REPORT --------
time 1743298439.8067  type 1 (EV_KEY), code 294  (BTN_BASE), value 0
time 1743298439.8067  --------- SYN_REPORT --------
time 1743298440.926688 type 1 (EV_KEY), code 292  (BTN_TOP2), value 1
time 1743298440.926688 --------- SYN_REPORT --------
time 1743298441.056683 type 1 (EV_KEY), code 292  (BTN_TOP2), value 0
time 1743298441.056683 --------- SYN_REPORT --------
time 1743298441.941693 type 1 (EV_KEY), code 295  (BTN_BASE2), value 1
time 1743298441.941693 --------- SYN_REPORT --------
time 1743298442.082951 type 1 (EV_KEY), code 295  (BTN_BASE2), value 0
time 1743298442.082951 --------- SYN_REPORT --------
time 1743298443.105455 type 1 (EV_KEY), code 293  (BTN_PINKIE), value 1
time 1743298443.105455 --------- SYN_REPORT --------
time 1743298443.216699 type 1 (EV_KEY), code 293  (BTN_PINKIE), value 0
time 1743298443.216699 --------- SYN_REPORT --------
time 1743298445.849205 type 1 (EV_KEY), code 288  (['BTN_JOYSTICK', 'BTN_TRIGGER']), value 1
time 1743298445.849205 --------- SYN_REPORT --------
time 1743298446.080495 type 1 (EV_KEY), code 288  (['BTN_JOYSTICK', 'BTN_TRIGGER']), value 0
time 1743298446.080495 --------- SYN_REPORT --------
time 1743298446.856742 type 1 (EV_KEY), code 291  (BTN_TOP), value 1
time 1743298446.856742 --------- SYN_REPORT --------
time 1743298447.053005 type 1 (EV_KEY), code 291  (BTN_TOP), value 0
time 1743298447.053005 --------- SYN_REPORT --------
time 1743298448.140483 type 1 (EV_KEY), code 304  (['BTN_A', 'BTN_GAMEPAD', 'BTN_SOUTH']), value 1
time 1743298448.140483 --------- SYN_REPORT --------
time 1743298448.327989 type 1 (EV_KEY), code 304  (['BTN_A', 'BTN_GAMEPAD', 'BTN_SOUTH']), value 0
time 1743298448.327989 --------- SYN_REPORT --------
time 1743298450.340498 type 3 (EV_ABS), code 0    (ABS_X), value -10
time 1743298450.340498 --------- SYN_REPORT --------
time 1743298450.770516 type 3 (EV_ABS), code 0    (ABS_X), value -15
time 1743298450.770516 --------- SYN_REPORT --------
time 1743298450.835511 type 3 (EV_ABS), code 0    (ABS_X), value -45
time 1743298450.835511 --------- SYN_REPORT --------
time 1743298450.897989 type 3 (EV_ABS), code 0    (ABS_X), value -127
time 1743298450.897989 type 3 (EV_ABS), code 1    (ABS_Y), value -15
time 1743298450.897989 --------- SYN_REPORT --------
time 1743298450.93802 type 3 (EV_ABS), code 1    (ABS_Y), value 17
time 1743298450.93802 --------- SYN_REPORT --------
time 1743298450.945484 type 3 (EV_ABS), code 1    (ABS_Y), value 19
time 1743298450.945484 --------- SYN_REPORT --------
time 1743298451.026999 type 3 (EV_ABS), code 1    (ABS_Y), value 22
time 1743298451.026999 --------- SYN_REPORT --------
time 1743298451.066756 type 3 (EV_ABS), code 1    (ABS_Y), value 0
time 1743298451.066756 --------- SYN_REPORT --------
time 1743298451.129245 type 3 (EV_ABS), code 0    (ABS_X), value 0
time 1743298451.129245 --------- SYN_REPORT --------
time 1743298451.53925 type 3 (EV_ABS), code 1    (ABS_Y), value -10
time 1743298451.53925 --------- SYN_REPORT --------
time 1743298451.541773 type 3 (EV_ABS), code 1    (ABS_Y), value -11
time 1743298451.541773 --------- SYN_REPORT --------
time 1743298451.623005 type 3 (EV_ABS), code 1    (ABS_Y), value -43
time 1743298451.623005 --------- SYN_REPORT --------
time 1743298451.690522 type 3 (EV_ABS), code 0    (ABS_X), value -24
time 1743298451.690522 type 3 (EV_ABS), code 1    (ABS_Y), value -127
time 1743298451.690522 --------- SYN_REPORT --------
time 1743298451.841742 type 3 (EV_ABS), code 0    (ABS_X), value -25
time 1743298451.841742 --------- SYN_REPORT --------
time 1743298451.845494 type 3 (EV_ABS), code 0    (ABS_X), value -26
time 1743298451.845494 type 3 (EV_ABS), code 1    (ABS_Y), value -112
time 1743298451.845494 --------- SYN_REPORT --------
time 1743298451.856754 type 3 (EV_ABS), code 0    (ABS_X), value 0
time 1743298451.856754 type 3 (EV_ABS), code 1    (ABS_Y), value 20
time 1743298451.856754 --------- SYN_REPORT --------
time 1743298451.92427 type 3 (EV_ABS), code 1    (ABS_Y), value 0
time 1743298451.92427 --------- SYN_REPORT --------
time 1743298452.557996 type 3 (EV_ABS), code 0    (ABS_X), value 30
time 1743298452.557996 --------- SYN_REPORT --------
time 1743298452.565519 type 3 (EV_ABS), code 0    (ABS_X), value 43
time 1743298452.565519 type 3 (EV_ABS), code 1    (ABS_Y), value -10
time 1743298452.565519 --------- SYN_REPORT --------
time 1743298452.576765 type 3 (EV_ABS), code 0    (ABS_X), value 60
time 1743298452.576765 type 3 (EV_ABS), code 1    (ABS_Y), value -15
time 1743298452.576765 --------- SYN_REPORT --------
time 1743298452.623012 type 3 (EV_ABS), code 0    (ABS_X), value 127
time 1743298452.623012 type 3 (EV_ABS), code 1    (ABS_Y), value -20
time 1743298452.623012 --------- SYN_REPORT --------
time 1743298452.689298 type 3 (EV_ABS), code 1    (ABS_Y), value -25
time 1743298452.689298 --------- SYN_REPORT --------
time 1743298452.700532 type 3 (EV_ABS), code 1    (ABS_Y), value -27
time 1743298452.700532 --------- SYN_REPORT --------
time 1743298452.753083 type 3 (EV_ABS), code 1    (ABS_Y), value -28
time 1743298452.753083 --------- SYN_REPORT --------
time 1743298452.817995 type 3 (EV_ABS), code 0    (ABS_X), value 113
time 1743298452.817995 type 3 (EV_ABS), code 1    (ABS_Y), value -20
time 1743298452.817995 --------- SYN_REPORT --------
time 1743298452.880525 type 3 (EV_ABS), code 0    (ABS_X), value 0
time 1743298452.880525 type 3 (EV_ABS), code 1    (ABS_Y), value 0
time 1743298452.880525 --------- SYN_REPORT --------
time 1743298453.460506 type 3 (EV_ABS), code 1    (ABS_Y), value 12
time 1743298453.460506 --------- SYN_REPORT --------
time 1743298453.520518 type 3 (EV_ABS), code 1    (ABS_Y), value 70
time 1743298453.520518 --------- SYN_REPORT --------
time 1743298453.533036 type 3 (EV_ABS), code 1    (ABS_Y), value 100
time 1743298453.533036 --------- SYN_REPORT --------
time 1743298453.586773 type 3 (EV_ABS), code 0    (ABS_X), value -10
time 1743298453.586773 type 3 (EV_ABS), code 1    (ABS_Y), value 127
time 1743298453.586773 --------- SYN_REPORT --------
time 1743298453.700524 type 3 (EV_ABS), code 0    (ABS_X), value 0
time 1743298453.700524 type 3 (EV_ABS), code 1    (ABS_Y), value 25
time 1743298453.700524 --------- SYN_REPORT --------
time 1743298453.713031 type 3 (EV_ABS), code 1    (ABS_Y), value 12
time 1743298453.713031 --------- SYN_REPORT --------
time 1743298453.761765 type 3 (EV_ABS), code 1    (ABS_Y), value 0
time 1743298453.761765 --------- SYN_REPORT --------
time 1743298454.663036 type 3 (EV_ABS), code 2    (ABS_Z), value -33
time 1743298454.663036 --------- SYN_REPORT --------
time 1743298454.669275 type 3 (EV_ABS), code 2    (ABS_Z), value -56
time 1743298454.669275 --------- SYN_REPORT --------
time 1743298454.72302 type 3 (EV_ABS), code 2    (ABS_Z), value -127
time 1743298454.72302 --------- SYN_REPORT --------
time 1743298454.784271 type 3 (EV_ABS), code 3    (ABS_RX), value 22
time 1743298454.784271 --------- SYN_REPORT --------
time 1743298454.793019 type 3 (EV_ABS), code 3    (ABS_RX), value 32
time 1743298454.793019 --------- SYN_REPORT --------
time 1743298454.849299 type 3 (EV_ABS), code 2    (ABS_Z), value 0
time 1743298454.849299 type 3 (EV_ABS), code 3    (ABS_RX), value 0
time 1743298454.849299 --------- SYN_REPORT --------
time 1743298455.499273 type 3 (EV_ABS), code 3    (ABS_RX), value -12
time 1743298455.499273 --------- SYN_REPORT --------
time 1743298455.503024 type 3 (EV_ABS), code 3    (ABS_RX), value -16
time 1743298455.503024 --------- SYN_REPORT --------
time 1743298455.558118 type 3 (EV_ABS), code 2    (ABS_Z), value -14
time 1743298455.558118 type 3 (EV_ABS), code 3    (ABS_RX), value -61
time 1743298455.558118 --------- SYN_REPORT --------
time 1743298455.618027 type 3 (EV_ABS), code 2    (ABS_Z), value 0
time 1743298455.618027 type 3 (EV_ABS), code 3    (ABS_RX), value -127
time 1743298455.618027 --------- SYN_REPORT --------
time 1743298455.74179 type 3 (EV_ABS), code 3    (ABS_RX), value 0
time 1743298455.74179 --------- SYN_REPORT --------
Traceback (most recent call last):
  File "<frozen runpy>", line 198, in _run_module_as_main
  File "<frozen runpy>", line 88, in _run_code
  File "/usr/lib/python3/dist-packages/evdev/evtest.py", line 186, in <module>
    ret = main()
          ^^^^^^
  File "/usr/lib/python3/dist-packages/evdev/evtest.py", line 79, in main
    print_event(event)
  File "/usr/lib/python3/dist-packages/evdev/evtest.py", line 167, in print_event
    codename = ecodes.bytype[e.type][e.code]
               ~~~~~~~~~~~~~~~~~~~~~^^^^^^^^
KeyError: 301
time 1743298456.41554 type 3 (EV_ABS), code 2    (ABS_Z), value 64
time 1743298456.41554 type 3 (EV_ABS), code 3    (ABS_RX), value -13
time 1743298456.41554 --------- SYN_REPORT --------
time 1743298456.473176 type 3 (EV_ABS), code 2    (ABS_Z), value 127
time 1743298456.473176 type 3 (EV_ABS), code 3    (ABS_RX), value -66
time 1743298456.473176 --------- SYN_REPORT --------
time 1743298456.518049 type 3 (EV_ABS), code 3    (ABS_RX), value -64
time 1743298456.518049 --------- SYN_REPORT --------
time 1743298456.525523 type 3 (EV_ABS), code 3    (ABS_RX), value -51
time 1743298456.525523 --------- SYN_REPORT --------
time 1743298456.600525 type 3 (EV_ABS), code 2    (ABS_Z), value 0
time 1743298456.600525 type 3 (EV_ABS), code 3    (ABS_RX), value 0
time 1743298456.600525 --------- SYN_REPORT --------
time 1743298457.27306 type 3 (EV_ABS), code 3    (ABS_RX), value 18
time 1743298457.27306 --------- SYN_REPORT --------
time 1743298457.305537 type 3 (EV_ABS), code 3    (ABS_RX), value 20
time 1743298457.305537 --------- SYN_REPORT --------
time 1743298457.31306 type 3 (EV_ABS), code 3    (ABS_RX), value 21
time 1743298457.31306 --------- SYN_REPORT --------
time 1743298457.395559 type 3 (EV_ABS), code 3    (ABS_RX), value 127
time 1743298457.395559 --------- SYN_REPORT --------
time 1743298457.418046 type 3 (EV_ABS), code 2    (ABS_Z), value 25
time 1743298457.418046 --------- SYN_REPORT --------
time 1743298457.425547 type 3 (EV_ABS), code 2    (ABS_Z), value 27
time 1743298457.425547 --------- SYN_REPORT --------
time 1743298457.538055 type 3 (EV_ABS), code 2    (ABS_Z), value 0
time 1743298457.538055 type 3 (EV_ABS), code 3    (ABS_RX), value -35
time 1743298457.538055 --------- SYN_REPORT --------
time 1743298457.549318 type 3 (EV_ABS), code 3    (ABS_RX), value 16
time 1743298457.549318 --------- SYN_REPORT --------
time 1743298457.593099 type 3 (EV_ABS), code 3    (ABS_RX), value 0
time 1743298457.593099 --------- SYN_REPORT --------
time 1743298460.640654 type 1 (EV_KEY), code 298  (BTN_BASE5), value 1
time 1743298460.640654 --------- SYN_REPORT --------
time 1743298460.898107 type 1 (EV_KEY), code 298  (BTN_BASE5), value 0
time 1743298460.898107 --------- SYN_REPORT --------
time 1743298461.390602 type 1 (EV_KEY), code 296  (BTN_BASE3), value 1
time 1743298461.390602 --------- SYN_REPORT --------
time 1743298461.643136 type 1 (EV_KEY), code 296  (BTN_BASE3), value 0
time 1743298461.643136 --------- SYN_REPORT --------
time 1743298462.478125 type 1 (EV_KEY), code 299  (BTN_BASE6), value 1
time 1743298462.478125 --------- SYN_REPORT --------
time 1743298462.703105 type 1 (EV_KEY), code 299  (BTN_BASE6), value 0
time 1743298462.703105 --------- SYN_REPORT --------
time 1743298463.488133 type 1 (EV_KEY), code 297  (BTN_BASE4), value 1
time 1743298463.488133 --------- SYN_REPORT --------
time 1743298463.748141 type 1 (EV_KEY), code 297  (BTN_BASE4), value 0
time 1743298463.748141 --------- SYN_REPORT --------
